This file contains any messages produced by compilers while
running configure, to aid debugging if configure makes a mistake.

It was created by libtar configure 1.2.16, which was
generated by GNU Autoconf 2.69.  Invocation command line was

  $ ./configure --prefix=/home/ivan/Project/zisync/third-part/build --enable-shared=no

## --------- ##
## Platform. ##
## --------- ##

hostname = DellUbuntu
uname -m = x86_64
uname -r = 4.2.0-27-generic
uname -s = Linux
uname -v = #32~14.04.1-Ubuntu SMP Fri Jan 22 15:32:26 UTC 2016

/usr/bin/uname -p = unknown
/bin/uname -X     = unknown

/bin/arch              = unknown
/usr/bin/arch -k       = unknown
/usr/convex/getsysinfo = unknown
/usr/bin/hostinfo      = unknown
/bin/machine           = unknown
/usr/bin/oslevel       = unknown
/bin/universe          = unknown

PATH: /usr/local/sbin
PATH: /usr/local/bin
PATH: /usr/sbin
PATH: /usr/bin
PATH: /sbin
PATH: /bin
PATH: /usr/games
PATH: /usr/local/games


## ----------- ##
## Core tests. ##
## ----------- ##

configure:2329: checking for a BSD-compatible install
configure:2397: result: /usr/bin/install -c
configure:2408: checking whether build environment is sane
configure:2463: result: yes
configure:2614: checking for a thread-safe mkdir -p
configure:2653: result: /bin/mkdir -p
configure:2660: checking for gawk
configure:2676: found /usr/bin/gawk
configure:2687: result: gawk
configure:2698: checking whether make sets $(MAKE)
configure:2720: result: yes
configure:2749: checking whether make supports nested variables
configure:2766: result: yes
configure:2907: checking for epkg
configure:2940: result: no
configure:2947: checking for mkencap
configure:2980: result: no
configure:3237: checking for style of include used by make
configure:3265: result: GNU
configure:3336: checking for gcc
configure:3352: found /usr/bin/gcc
configure:3363: result: gcc
configure:3592: checking for C compiler version
configure:3601: gcc --version >&5
gcc (Ubuntu 4.8.4-2ubuntu1~14.04.3) 4.8.4
Copyright (C) 2013 Free Software Foundation, Inc.
This is free software; see the source for copying conditions.  There is NO
warranty; not even for MERCHANTABILITY or FITNESS FOR A PARTICULAR PURPOSE.

configure:3612: $? = 0
configure:3601: gcc -v >&5
Using built-in specs.
COLLECT_GCC=gcc
COLLECT_LTO_WRAPPER=/usr/lib/gcc/x86_64-linux-gnu/4.8/lto-wrapper
Target: x86_64-linux-gnu
Configured with: ../src/configure -v --with-pkgversion='Ubuntu 4.8.4-2ubuntu1~14.04.3' --with-bugurl=file:///usr/share/doc/gcc-4.8/README.Bugs --enable-languages=c,c++,java,go,d,fortran,objc,obj-c++ --prefix=/usr --program-suffix=-4.8 --enable-shared --enable-linker-build-id --libexecdir=/usr/lib --without-included-gettext --enable-threads=posix --with-gxx-include-dir=/usr/include/c++/4.8 --libdir=/usr/lib --enable-nls --with-sysroot=/ --enable-clocale=gnu --enable-libstdcxx-debug --enable-libstdcxx-time=yes --enable-gnu-unique-object --disable-libmudflap --enable-plugin --with-system-zlib --disable-browser-plugin --enable-java-awt=gtk --enable-gtk-cairo --with-java-home=/usr/lib/jvm/java-1.5.0-gcj-4.8-amd64/jre --enable-java-home --with-jvm-root-dir=/usr/lib/jvm/java-1.5.0-gcj-4.8-amd64 --with-jvm-jar-dir=/usr/lib/jvm-exports/java-1.5.0-gcj-4.8-amd64 --with-arch-directory=amd64 --with-ecj-jar=/usr/share/java/eclipse-ecj.jar --enable-objc-gc --enable-multiarch --disable-werror --with-arch-32=i686 --with-abi=m64 --with-multilib-list=m32,m64,mx32 --with-tune=generic --enable-checking=release --build=x86_64-linux-gnu --host=x86_64-linux-gnu --target=x86_64-linux-gnu
Thread model: posix
gcc version 4.8.4 (Ubuntu 4.8.4-2ubuntu1~14.04.3) 
configure:3612: $? = 0
configure:3601: gcc -V >&5
gcc: error: unrecognized command line option '-V'
gcc: fatal error: no input files
compilation terminated.
configure:3612: $? = 4
configure:3601: gcc -qversion >&5
gcc: error: unrecognized command line option '-qversion'
gcc: fatal error: no input files
compilation terminated.
configure:3612: $? = 4
configure:3632: checking whether the C compiler works
configure:3654: gcc    conftest.c  >&5
configure:3658: $? = 0
configure:3706: result: yes
configure:3709: checking for C compiler default output file name
configure:3711: result: a.out
configure:3717: checking for suffix of executables
configure:3724: gcc -o conftest    conftest.c  >&5
configure:3728: $? = 0
configure:3750: result: 
configure:3772: checking whether we are cross compiling
configure:3780: gcc -o conftest    conftest.c  >&5
configure:3784: $? = 0
configure:3791: ./conftest
configure:3795: $? = 0
configure:3810: result: no
configure:3815: checking for suffix of object files
configure:3837: gcc -c   conftest.c >&5
configure:3841: $? = 0
configure:3862: result: o
configure:3866: checking whether we are using the GNU C compiler
configure:3885: gcc -c   conftest.c >&5
configure:3885: $? = 0
configure:3894: result: yes
configure:3903: checking whether gcc accepts -g
configure:3923: gcc -c -g  conftest.c >&5
configure:3923: $? = 0
configure:3964: result: yes
configure:3981: checking for gcc option to accept ISO C89
configure:4044: gcc  -c -g -O2  conftest.c >&5
configure:4044: $? = 0
configure:4057: result: none needed
configure:4082: checking whether gcc understands -c and -o together
configure:4104: gcc -c conftest.c -o conftest2.o
configure:4107: $? = 0
configure:4104: gcc -c conftest.c -o conftest2.o
configure:4107: $? = 0
configure:4119: result: yes
configure:4138: checking dependency style of gcc
configure:4249: result: none
configure:4270: checking for strlcpy
configure:4270: gcc -o conftest -g -O2   conftest.c  >&5
/tmp/ccWAUc4b.o: In function `main':
/home/ivan/Project/zisync/third-part/libtar-1.2.16/conftest.c:46: undefined reference to `strlcpy'
collect2: error: ld returned 1 exit status
configure:4270: $? = 1
configure: failed program was:
| /* confdefs.h */
| #define PACKAGE_NAME "libtar"
| #define PACKAGE_TARNAME "libtar"
| #define PACKAGE_VERSION "1.2.16"
| #define PACKAGE_STRING "libtar 1.2.16"
| #define PACKAGE_BUGREPORT ""
| #define PACKAGE_URL ""
| #define PACKAGE "libtar"
| #define VERSION "1.2.16"
| #define NEED_STRLCPY 1
| /* end confdefs.h.  */
| /* Define strlcpy to an innocuous variant, in case <limits.h> declares strlcpy.
|    For example, HP-UX 11i <limits.h> declares gettimeofday.  */
| #define strlcpy innocuous_strlcpy
| 
| /* System header to define __stub macros and hopefully few prototypes,
|     which can conflict with char strlcpy (); below.
|     Prefer <limits.h> to <assert.h> if __STDC__ is defined, since
|     <limits.h> exists even on freestanding compilers.  */
| 
| #ifdef __STDC__
| # include <limits.h>
| #else
| # include <assert.h>
| #endif
| 
| #undef strlcpy
| 
| /* Override any GCC internal prototype to avoid an error.
|    Use char because int might match the return type of a GCC
|    builtin and then its argument prototype would still apply.  */
| #ifdef __cplusplus
| extern "C"
| #endif
| char strlcpy ();
| /* The GNU C library defines this for functions which it implements
|     to always fail with ENOSYS.  Some functions are actually named
|     something starting with __ and the normal name is an alias.  */
| #if defined __stub_strlcpy || defined __stub___strlcpy
| choke me
| #endif
| 
| int
| main ()
| {
| return strlcpy ();
|   ;
|   return 0;
| }
configure:4270: result: no
configure:4292: checking for strsep
configure:4292: gcc -o conftest -g -O2   conftest.c  >&5
configure:4292: $? = 0
configure:4292: result: yes
configure:4351: checking how to run the C preprocessor
configure:4382: gcc -E  conftest.c
configure:4382: $? = 0
configure:4396: gcc -E  conftest.c
conftest.c:14:28: fatal error: ac_nonexistent.h: No such file or directory
 #include <ac_nonexistent.h>
                            ^
compilation terminated.
configure:4396: $? = 1
configure: failed program was:
| /* confdefs.h */
| #define PACKAGE_NAME "libtar"
| #define PACKAGE_TARNAME "libtar"
| #define PACKAGE_VERSION "1.2.16"
| #define PACKAGE_STRING "libtar 1.2.16"
| #define PACKAGE_BUGREPORT ""
| #define PACKAGE_URL ""
| #define PACKAGE "libtar"
| #define VERSION "1.2.16"
| #define NEED_STRLCPY 1
| #define NEED_STRSEP 1
| #define HAVE_STRSEP 1
| /* end confdefs.h.  */
| #include <ac_nonexistent.h>
configure:4421: result: gcc -E
configure:4441: gcc -E  conftest.c
configure:4441: $? = 0
configure:4455: gcc -E  conftest.c
conftest.c:14:28: fatal error: ac_nonexistent.h: No such file or directory
 #include <ac_nonexistent.h>
                            ^
compilation terminated.
configure:4455: $? = 1
configure: failed program was:
| /* confdefs.h */
| #define PACKAGE_NAME "libtar"
| #define PACKAGE_TARNAME "libtar"
| #define PACKAGE_VERSION "1.2.16"
| #define PACKAGE_STRING "libtar 1.2.16"
| #define PACKAGE_BUGREPORT ""
| #define PACKAGE_URL ""
| #define PACKAGE "libtar"
| #define VERSION "1.2.16"
| #define NEED_STRLCPY 1
| #define NEED_STRSEP 1
| #define HAVE_STRSEP 1
| /* end confdefs.h.  */
| #include <ac_nonexistent.h>
configure:4484: checking for grep that handles long lines and -e
configure:4542: result: /bin/grep
configure:4547: checking for egrep
configure:4609: result: /bin/grep -E
configure:4614: checking for ANSI C header files
configure:4634: gcc -c -g -O2  conftest.c >&5
configure:4634: $? = 0
configure:4707: gcc -o conftest -g -O2   conftest.c  >&5
configure:4707: $? = 0
configure:4707: ./conftest
configure:4707: $? = 0
configure:4718: result: yes
configure:4731: checking for sys/types.h
configure:4731: gcc -c -g -O2  conftest.c >&5
configure:4731: $? = 0
configure:4731: result: yes
configure:4731: checking for sys/stat.h
configure:4731: gcc -c -g -O2  conftest.c >&5
configure:4731: $? = 0
configure:4731: result: yes
configure:4731: checking for stdlib.h
configure:4731: gcc -c -g -O2  conftest.c >&5
configure:4731: $? = 0
configure:4731: result: yes
configure:4731: checking for string.h
configure:4731: gcc -c -g -O2  conftest.c >&5
configure:4731: $? = 0
configure:4731: result: yes
configure:4731: checking for memory.h
configure:4731: gcc -c -g -O2  conftest.c >&5
configure:4731: $? = 0
configure:4731: result: yes
configure:4731: checking for strings.h
configure:4731: gcc -c -g -O2  conftest.c >&5
configure:4731: $? = 0
configure:4731: result: yes
configure:4731: checking for inttypes.h
configure:4731: gcc -c -g -O2  conftest.c >&5
configure:4731: $? = 0
configure:4731: result: yes
configure:4731: checking for stdint.h
configure:4731: gcc -c -g -O2  conftest.c >&5
configure:4731: $? = 0
configure:4731: result: yes
configure:4731: checking for unistd.h
configure:4731: gcc -c -g -O2  conftest.c >&5
configure:4731: $? = 0
configure:4731: result: yes
configure:4744: checking minix/config.h usability
configure:4744: gcc -c -g -O2  conftest.c >&5
conftest.c:57:26: fatal error: minix/config.h: No such file or directory
 #include <minix/config.h>
                          ^
compilation terminated.
configure:4744: $? = 1
configure: failed program was:
| /* confdefs.h */
| #define PACKAGE_NAME "libtar"
| #define PACKAGE_TARNAME "libtar"
| #define PACKAGE_VERSION "1.2.16"
| #define PACKAGE_STRING "libtar 1.2.16"
| #define PACKAGE_BUGREPORT ""
| #define PACKAGE_URL ""
| #define PACKAGE "libtar"
| #define VERSION "1.2.16"
| #define NEED_STRLCPY 1
| #define NEED_STRSEP 1
| #define HAVE_STRSEP 1
| #define STDC_HEADERS 1
| #define HAVE_SYS_TYPES_H 1
| #define HAVE_SYS_STAT_H 1
| #define HAVE_STDLIB_H 1
| #define HAVE_STRING_H 1
| #define HAVE_MEMORY_H 1
| #define HAVE_STRINGS_H 1
| #define HAVE_INTTYPES_H 1
| #define HAVE_STDINT_H 1
| #define HAVE_UNISTD_H 1
| /* end confdefs.h.  */
| #include <stdio.h>
| #ifdef HAVE_SYS_TYPES_H
| # include <sys/types.h>
| #endif
| #ifdef HAVE_SYS_STAT_H
| # include <sys/stat.h>
| #endif
| #ifdef STDC_HEADERS
| # include <stdlib.h>
| # include <stddef.h>
| #else
| # ifdef HAVE_STDLIB_H
| #  include <stdlib.h>
| # endif
| #endif
| #ifdef HAVE_STRING_H
| # if !defined STDC_HEADERS && defined HAVE_MEMORY_H
| #  include <memory.h>
| # endif
| # include <string.h>
| #endif
| #ifdef HAVE_STRINGS_H
| # include <strings.h>
| #endif
| #ifdef HAVE_INTTYPES_H
| # include <inttypes.h>
| #endif
| #ifdef HAVE_STDINT_H
| # include <stdint.h>
| #endif
| #ifdef HAVE_UNISTD_H
| # include <unistd.h>
| #endif
| #include <minix/config.h>
configure:4744: result: no
configure:4744: checking minix/config.h presence
configure:4744: gcc -E  conftest.c
conftest.c:24:26: fatal error: minix/config.h: No such file or directory
 #include <minix/config.h>
                          ^
compilation terminated.
configure:4744: $? = 1
configure: failed program was:
| /* confdefs.h */
| #define PACKAGE_NAME "libtar"
| #define PACKAGE_TARNAME "libtar"
| #define PACKAGE_VERSION "1.2.16"
| #define PACKAGE_STRING "libtar 1.2.16"
| #define PACKAGE_BUGREPORT ""
| #define PACKAGE_URL ""
| #define PACKAGE "libtar"
| #define VERSION "1.2.16"
| #define NEED_STRLCPY 1
| #define NEED_STRSEP 1
| #define HAVE_STRSEP 1
| #define STDC_HEADERS 1
| #define HAVE_SYS_TYPES_H 1
| #define HAVE_SYS_STAT_H 1
| #define HAVE_STDLIB_H 1
| #define HAVE_STRING_H 1
| #define HAVE_MEMORY_H 1
| #define HAVE_STRINGS_H 1
| #define HAVE_INTTYPES_H 1
| #define HAVE_STDINT_H 1
| #define HAVE_UNISTD_H 1
| /* end confdefs.h.  */
| #include <minix/config.h>
configure:4744: result: no
configure:4744: checking for minix/config.h
configure:4744: result: no
configure:4765: checking whether it is safe to define __EXTENSIONS__
configure:4783: gcc -c -g -O2  conftest.c >&5
configure:4783: $? = 0
configure:4790: result: yes
configure:4852: checking for gcc
configure:4879: result: gcc
configure:5108: checking for C compiler version
configure:5117: gcc --version >&5
gcc (Ubuntu 4.8.4-2ubuntu1~14.04.3) 4.8.4
Copyright (C) 2013 Free Software Foundation, Inc.
This is free software; see the source for copying conditions.  There is NO
warranty; not even for MERCHANTABILITY or FITNESS FOR A PARTICULAR PURPOSE.

configure:5128: $? = 0
configure:5117: gcc -v >&5
Using built-in specs.
COLLECT_GCC=gcc
COLLECT_LTO_WRAPPER=/usr/lib/gcc/x86_64-linux-gnu/4.8/lto-wrapper
Target: x86_64-linux-gnu
Configured with: ../src/configure -v --with-pkgversion='Ubuntu 4.8.4-2ubuntu1~14.04.3' --with-bugurl=file:///usr/share/doc/gcc-4.8/README.Bugs --enable-languages=c,c++,java,go,d,fortran,objc,obj-c++ --prefix=/usr --program-suffix=-4.8 --enable-shared --enable-linker-build-id --libexecdir=/usr/lib --without-included-gettext --enable-threads=posix --with-gxx-include-dir=/usr/include/c++/4.8 --libdir=/usr/lib --enable-nls --with-sysroot=/ --enable-clocale=gnu --enable-libstdcxx-debug --enable-libstdcxx-time=yes --enable-gnu-unique-object --disable-libmudflap --enable-plugin --with-system-zlib --disable-browser-plugin --enable-java-awt=gtk --enable-gtk-cairo --with-java-home=/usr/lib/jvm/java-1.5.0-gcj-4.8-amd64/jre --enable-java-home --with-jvm-root-dir=/usr/lib/jvm/java-1.5.0-gcj-4.8-amd64 --with-jvm-jar-dir=/usr/lib/jvm-exports/java-1.5.0-gcj-4.8-amd64 --with-arch-directory=amd64 --with-ecj-jar=/usr/share/java/eclipse-ecj.jar --enable-objc-gc --enable-multiarch --disable-werror --with-arch-32=i686 --with-abi=m64 --with-multilib-list=m32,m64,mx32 --with-tune=generic --enable-checking=release --build=x86_64-linux-gnu --host=x86_64-linux-gnu --target=x86_64-linux-gnu
Thread model: posix
gcc version 4.8.4 (Ubuntu 4.8.4-2ubuntu1~14.04.3) 
configure:5128: $? = 0
configure:5117: gcc -V >&5
gcc: error: unrecognized command line option '-V'
gcc: fatal error: no input files
compilation terminated.
configure:5128: $? = 4
configure:5117: gcc -qversion >&5
gcc: error: unrecognized command line option '-qversion'
gcc: fatal error: no input files
compilation terminated.
configure:5128: $? = 4
configure:5132: checking whether we are using the GNU C compiler
configure:5160: result: yes
configure:5169: checking whether gcc accepts -g
configure:5230: result: yes
configure:5247: checking for gcc option to accept ISO C89
configure:5323: result: none needed
configure:5348: checking whether gcc understands -c and -o together
configure:5385: result: yes
configure:5404: checking dependency style of gcc
configure:5515: result: none
configure:5559: checking build system type
configure:5573: result: x86_64-unknown-linux-gnu
configure:5593: checking host system type
configure:5606: result: x86_64-unknown-linux-gnu
configure:5647: checking how to print strings
configure:5674: result: printf
configure:5695: checking for a sed that does not truncate output
configure:5759: result: /bin/sed
configure:5777: checking for fgrep
configure:5839: result: /bin/grep -F
configure:5874: checking for ld used by gcc
configure:5941: result: /usr/bin/ld
configure:5948: checking if the linker (/usr/bin/ld) is GNU ld
configure:5963: result: yes
configure:5975: checking for BSD- or MS-compatible name lister (nm)
configure:6024: result: /usr/bin/nm -B
configure:6154: checking the name lister (/usr/bin/nm -B) interface
configure:6161: gcc -c -g -O2  conftest.c >&5
configure:6164: /usr/bin/nm -B "conftest.o"
configure:6167: output
0000000000000000 B some_variable
configure:6174: result: BSD nm
configure:6177: checking whether ln -s works
configure:6181: result: yes
configure:6189: checking the maximum length of command line arguments
configure:6320: result: 1572864
configure:6337: checking whether the shell understands some XSI constructs
configure:6347: result: yes
configure:6351: checking whether the shell understands "+="
configure:6357: result: yes
configure:6392: checking how to convert x86_64-unknown-linux-gnu file names to x86_64-unknown-linux-gnu format
configure:6432: result: func_convert_file_noop
configure:6439: checking how to convert x86_64-unknown-linux-gnu file names to toolchain format
configure:6459: result: func_convert_file_noop
configure:6466: checking for /usr/bin/ld option to reload object files
configure:6473: result: -r
configure:6547: checking for objdump
configure:6563: found /usr/bin/objdump
configure:6574: result: objdump
configure:6606: checking how to recognize dependent libraries
configure:6804: result: pass_all
configure:6889: checking for dlltool
configure:6919: result: no
configure:6949: checking how to associate runtime and link libraries
configure:6976: result: printf %s\n
configure:7036: checking for ar
configure:7052: found /usr/bin/ar
configure:7063: result: ar
configure:7100: checking for archiver @FILE support
configure:7117: gcc -c -g -O2  conftest.c >&5
configure:7117: $? = 0
configure:7120: ar cru libconftest.a @conftest.lst >&5
configure:7123: $? = 0
configure:7128: ar cru libconftest.a @conftest.lst >&5
ar: conftest.o: No such file or directory
configure:7131: $? = 1
configure:7143: result: @
configure:7201: checking for strip
configure:7217: found /usr/bin/strip
configure:7228: result: strip
configure:7300: checking for ranlib
configure:7316: found /usr/bin/ranlib
configure:7327: result: ranlib
configure:7429: checking command to parse /usr/bin/nm -B output from gcc object
configure:7549: gcc -c -g -O2  conftest.c >&5
configure:7552: $? = 0
configure:7556: /usr/bin/nm -B conftest.o \| sed -n -e 's/^.*[ ]\([ABCDGIRSTW][ABCDGIRSTW]*\)[ ][ ]*\([_A-Za-z][_A-Za-z0-9]*\)$/\1 \2 \2/p' | sed '/ __gnu_lto/d' \> conftest.nm
configure:7559: $? = 0
configure:7625: gcc -o conftest -g -O2   conftest.c conftstm.o >&5
configure:7628: $? = 0
configure:7666: result: ok
configure:7703: checking for sysroot
configure:7733: result: no
configure:7810: gcc -c -g -O2  conftest.c >&5
configure:7813: $? = 0
configure:8002: checking for mt
configure:8018: found /bin/mt
configure:8029: result: mt
configure:8052: checking if mt is a manifest tool
configure:8058: mt '-?'
configure:8066: result: no
configure:8705: checking for dlfcn.h
configure:8705: gcc -c -g -O2  conftest.c >&5
configure:8705: $? = 0
configure:8705: result: yes
configure:8911: checking for objdir
configure:8926: result: .libs
configure:9197: checking if gcc supports -fno-rtti -fno-exceptions
configure:9215: gcc -c -g -O2  -fno-rtti -fno-exceptions conftest.c >&5
cc1: warning: command line option '-fno-rtti' is valid for C++/ObjC++ but not for C [enabled by default]
configure:9219: $? = 0
configure:9232: result: no
configure:9559: checking for gcc option to produce PIC
configure:9566: result: -fPIC -DPIC
configure:9574: checking if gcc PIC flag -fPIC -DPIC works
configure:9592: gcc -c -g -O2  -fPIC -DPIC -DPIC conftest.c >&5
configure:9596: $? = 0
configure:9609: result: yes
configure:9638: checking if gcc static flag -static works
configure:9666: result: yes
configure:9681: checking if gcc supports -c -o file.o
configure:9702: gcc -c -g -O2  -o out/conftest2.o conftest.c >&5
configure:9706: $? = 0
configure:9728: result: yes
configure:9736: checking if gcc supports -c -o file.o
configure:9783: result: yes
configure:9816: checking whether the gcc linker (/usr/bin/ld -m elf_x86_64) supports shared libraries
configure:10973: result: yes
configure:11213: checking dynamic linker characteristics
configure:11713: gcc -o conftest -g -O2   -Wl,-rpath -Wl,/foo conftest.c  >&5
configure:11713: $? = 0
configure:11947: result: GNU/Linux ld.so
configure:12054: checking how to hardcode library paths into programs
configure:12079: result: immediate
configure:12619: checking whether stripping libraries is possible
configure:12624: result: yes
configure:12659: checking if libtool supports shared libraries
configure:12661: result: yes
configure:12664: checking whether to build shared libraries
configure:12685: result: no
configure:12688: checking whether to build static libraries
configure:12692: result: yes
configure:12730: checking whether ln -s works
configure:12734: result: yes
configure:12741: checking whether make sets $(MAKE)
configure:12763: result: yes
configure:12774: checking for an ANSI C-conforming const
configure:12840: gcc -c -g -O2  conftest.c >&5
configure:12840: $? = 0
configure:12847: result: yes
configure:12857: checking for ANSI C header files
configure:12961: result: yes
configure:12972: checking for unistd.h
configure:12972: result: yes
configure:12972: checking stdarg.h usability
configure:12972: gcc -c -g -O2  conftest.c >&5
configure:12972: $? = 0
configure:12972: result: yes
configure:12972: checking stdarg.h presence
configure:12972: gcc -E  conftest.c
configure:12972: $? = 0
configure:12972: result: yes
configure:12972: checking for stdarg.h
configure:12972: result: yes
configure:12982: checking whether sys/types.h defines makedev
configure:12998: gcc -o conftest -g -O2   conftest.c  >&5
configure:12998: $? = 0
configure:13007: result: yes
configure:13032: checking for major_t
configure:13032: gcc -c -g -O2  conftest.c >&5
conftest.c: In function 'main':
conftest.c:48:13: error: 'major_t' undeclared (first use in this function)
 if (sizeof (major_t))
             ^
conftest.c:48:13: note: each undeclared identifier is reported only once for each function it appears in
configure:13032: $? = 1
configure: failed program was:
| /* confdefs.h */
| #define PACKAGE_NAME "libtar"
| #define PACKAGE_TARNAME "libtar"
| #define PACKAGE_VERSION "1.2.16"
| #define PACKAGE_STRING "libtar 1.2.16"
| #define PACKAGE_BUGREPORT ""
| #define PACKAGE_URL ""
| #define PACKAGE "libtar"
| #define VERSION "1.2.16"
| #define NEED_STRLCPY 1
| #define NEED_STRSEP 1
| #define HAVE_STRSEP 1
| #define STDC_HEADERS 1
| #define HAVE_SYS_TYPES_H 1
| #define HAVE_SYS_STAT_H 1
| #define HAVE_STDLIB_H 1
| #define HAVE_STRING_H 1
| #define HAVE_MEMORY_H 1
| #define HAVE_STRINGS_H 1
| #define HAVE_INTTYPES_H 1
| #define HAVE_STDINT_H 1
| #define HAVE_UNISTD_H 1
| #define __EXTENSIONS__ 1
| #define _ALL_SOURCE 1
| #define _GNU_SOURCE 1
| #define _POSIX_PTHREAD_SEMANTICS 1
| #define _TANDEM_SOURCE 1
| #define HAVE_DLFCN_H 1
| #define LT_OBJDIR ".libs/"
| #define STDC_HEADERS 1
| #define HAVE_UNISTD_H 1
| #define HAVE_STDARG_H 1
| /* end confdefs.h.  */
| #include <sys/types.h>
|   #ifdef MAJOR_IN_MKDEV
|   # include <sys/mkdev.h>
|   #else
|   # ifdef MAJOR_IN_SYSMACROS
|   #  include <sys/sysmacros.h>
|   # endif
|   #endif
| 
| 
| 
| int
| main ()
| {
| if (sizeof (major_t))
| 	 return 0;
|   ;
|   return 0;
| }
configure:13032: result: no
configure:13057: checking for minor_t
configure:13057: gcc -c -g -O2  conftest.c >&5
conftest.c: In function 'main':
conftest.c:49:13: error: 'minor_t' undeclared (first use in this function)
 if (sizeof (minor_t))
             ^
conftest.c:49:13: note: each undeclared identifier is reported only once for each function it appears in
configure:13057: $? = 1
configure: failed program was:
| /* confdefs.h */
| #define PACKAGE_NAME "libtar"
| #define PACKAGE_TARNAME "libtar"
| #define PACKAGE_VERSION "1.2.16"
| #define PACKAGE_STRING "libtar 1.2.16"
| #define PACKAGE_BUGREPORT ""
| #define PACKAGE_URL ""
| #define PACKAGE "libtar"
| #define VERSION "1.2.16"
| #define NEED_STRLCPY 1
| #define NEED_STRSEP 1
| #define HAVE_STRSEP 1
| #define STDC_HEADERS 1
| #define HAVE_SYS_TYPES_H 1
| #define HAVE_SYS_STAT_H 1
| #define HAVE_STDLIB_H 1
| #define HAVE_STRING_H 1
| #define HAVE_MEMORY_H 1
| #define HAVE_STRINGS_H 1
| #define HAVE_INTTYPES_H 1
| #define HAVE_STDINT_H 1
| #define HAVE_UNISTD_H 1
| #define __EXTENSIONS__ 1
| #define _ALL_SOURCE 1
| #define _GNU_SOURCE 1
| #define _POSIX_PTHREAD_SEMANTICS 1
| #define _TANDEM_SOURCE 1
| #define HAVE_DLFCN_H 1
| #define LT_OBJDIR ".libs/"
| #define STDC_HEADERS 1
| #define HAVE_UNISTD_H 1
| #define HAVE_STDARG_H 1
| #define major_t unsigned int
| /* end confdefs.h.  */
| #include <sys/types.h>
|   #ifdef MAJOR_IN_MKDEV
|   # include <sys/mkdev.h>
|   #else
|   # ifdef MAJOR_IN_SYSMACROS
|   #  include <sys/sysmacros.h>
|   # endif
|   #endif
| 
| 
| 
| int
| main ()
| {
| if (sizeof (minor_t))
| 	 return 0;
|   ;
|   return 0;
| }
configure:13057: result: no
configure:13082: checking for dev_t
configure:13082: gcc -c -g -O2  conftest.c >&5
configure:13082: $? = 0
configure:13082: gcc -c -g -O2  conftest.c >&5
conftest.c: In function 'main':
conftest.c:50:20: error: expected expression before ')' token
 if (sizeof ((dev_t)))
                    ^
configure:13082: $? = 1
configure: failed program was:
| /* confdefs.h */
| #define PACKAGE_NAME "libtar"
| #define PACKAGE_TARNAME "libtar"
| #define PACKAGE_VERSION "1.2.16"
| #define PACKAGE_STRING "libtar 1.2.16"
| #define PACKAGE_BUGREPORT ""
| #define PACKAGE_URL ""
| #define PACKAGE "libtar"
| #define VERSION "1.2.16"
| #define NEED_STRLCPY 1
| #define NEED_STRSEP 1
| #define HAVE_STRSEP 1
| #define STDC_HEADERS 1
| #define HAVE_SYS_TYPES_H 1
| #define HAVE_SYS_STAT_H 1
| #define HAVE_STDLIB_H 1
| #define HAVE_STRING_H 1
| #define HAVE_MEMORY_H 1
| #define HAVE_STRINGS_H 1
| #define HAVE_INTTYPES_H 1
| #define HAVE_STDINT_H 1
| #define HAVE_UNISTD_H 1
| #define __EXTENSIONS__ 1
| #define _ALL_SOURCE 1
| #define _GNU_SOURCE 1
| #define _POSIX_PTHREAD_SEMANTICS 1
| #define _TANDEM_SOURCE 1
| #define HAVE_DLFCN_H 1
| #define LT_OBJDIR ".libs/"
| #define STDC_HEADERS 1
| #define HAVE_UNISTD_H 1
| #define HAVE_STDARG_H 1
| #define major_t unsigned int
| #define minor_t unsigned int
| /* end confdefs.h.  */
| #include <sys/types.h>
|   #ifdef MAJOR_IN_MKDEV
|   # include <sys/mkdev.h>
|   #else
|   # ifdef MAJOR_IN_SYSMACROS
|   #  include <sys/sysmacros.h>
|   # endif
|   #endif
| 
| 
| 
| int
| main ()
| {
| if (sizeof ((dev_t)))
| 	    return 0;
|   ;
|   return 0;
| }
configure:13082: result: yes
configure:13107: checking for socklen_t
configure:13107: gcc -c -g -O2  conftest.c >&5
configure:13107: $? = 0
configure:13107: gcc -c -g -O2  conftest.c >&5
conftest.c: In function 'main':
conftest.c:45:24: error: expected expression before ')' token
 if (sizeof ((socklen_t)))
                        ^
configure:13107: $? = 1
configure: failed program was:
| /* confdefs.h */
| #define PACKAGE_NAME "libtar"
| #define PACKAGE_TARNAME "libtar"
| #define PACKAGE_VERSION "1.2.16"
| #define PACKAGE_STRING "libtar 1.2.16"
| #define PACKAGE_BUGREPORT ""
| #define PACKAGE_URL ""
| #define PACKAGE "libtar"
| #define VERSION "1.2.16"
| #define NEED_STRLCPY 1
| #define NEED_STRSEP 1
| #define HAVE_STRSEP 1
| #define STDC_HEADERS 1
| #define HAVE_SYS_TYPES_H 1
| #define HAVE_SYS_STAT_H 1
| #define HAVE_STDLIB_H 1
| #define HAVE_STRING_H 1
| #define HAVE_MEMORY_H 1
| #define HAVE_STRINGS_H 1
| #define HAVE_INTTYPES_H 1
| #define HAVE_STDINT_H 1
| #define HAVE_UNISTD_H 1
| #define __EXTENSIONS__ 1
| #define _ALL_SOURCE 1
| #define _GNU_SOURCE 1
| #define _POSIX_PTHREAD_SEMANTICS 1
| #define _TANDEM_SOURCE 1
| #define HAVE_DLFCN_H 1
| #define LT_OBJDIR ".libs/"
| #define STDC_HEADERS 1
| #define HAVE_UNISTD_H 1
| #define HAVE_STDARG_H 1
| #define major_t unsigned int
| #define minor_t unsigned int
| #define HAVE_DEV_T 1
| /* end confdefs.h.  */
| #include <sys/types.h>
|   #include <sys/socket.h>
| 
| 
| 
| int
| main ()
| {
| if (sizeof ((socklen_t)))
| 	    return 0;
|   ;
|   return 0;
| }
configure:13107: result: yes
configure:13126: checking for uint64_t
configure:13126: gcc -c -g -O2  conftest.c >&5
configure:13126: $? = 0
configure:13126: gcc -c -g -O2  conftest.c >&5
conftest.c: In function 'main':
conftest.c:74:23: error: expected expression before ')' token
 if (sizeof ((uint64_t)))
                       ^
configure:13126: $? = 1
configure: failed program was:
| /* confdefs.h */
| #define PACKAGE_NAME "libtar"
| #define PACKAGE_TARNAME "libtar"
| #define PACKAGE_VERSION "1.2.16"
| #define PACKAGE_STRING "libtar 1.2.16"
| #define PACKAGE_BUGREPORT ""
| #define PACKAGE_URL ""
| #define PACKAGE "libtar"
| #define VERSION "1.2.16"
| #define NEED_STRLCPY 1
| #define NEED_STRSEP 1
| #define HAVE_STRSEP 1
| #define STDC_HEADERS 1
| #define HAVE_SYS_TYPES_H 1
| #define HAVE_SYS_STAT_H 1
| #define HAVE_STDLIB_H 1
| #define HAVE_STRING_H 1
| #define HAVE_MEMORY_H 1
| #define HAVE_STRINGS_H 1
| #define HAVE_INTTYPES_H 1
| #define HAVE_STDINT_H 1
| #define HAVE_UNISTD_H 1
| #define __EXTENSIONS__ 1
| #define _ALL_SOURCE 1
| #define _GNU_SOURCE 1
| #define _POSIX_PTHREAD_SEMANTICS 1
| #define _TANDEM_SOURCE 1
| #define HAVE_DLFCN_H 1
| #define LT_OBJDIR ".libs/"
| #define STDC_HEADERS 1
| #define HAVE_UNISTD_H 1
| #define HAVE_STDARG_H 1
| #define major_t unsigned int
| #define minor_t unsigned int
| #define HAVE_DEV_T 1
| #define HAVE_SOCKLEN_T 1
| /* end confdefs.h.  */
| #include <stdio.h>
| #ifdef HAVE_SYS_TYPES_H
| # include <sys/types.h>
| #endif
| #ifdef HAVE_SYS_STAT_H
| # include <sys/stat.h>
| #endif
| #ifdef STDC_HEADERS
| # include <stdlib.h>
| # include <stddef.h>
| #else
| # ifdef HAVE_STDLIB_H
| #  include <stdlib.h>
| # endif
| #endif
| #ifdef HAVE_STRING_H
| # if !defined STDC_HEADERS && defined HAVE_MEMORY_H
| #  include <memory.h>
| # endif
| # include <string.h>
| #endif
| #ifdef HAVE_STRINGS_H
| # include <strings.h>
| #endif
| #ifdef HAVE_INTTYPES_H
| # include <inttypes.h>
| #endif
| #ifdef HAVE_STDINT_H
| # include <stdint.h>
| #endif
| #ifdef HAVE_UNISTD_H
| # include <unistd.h>
| #endif
| int
| main ()
| {
| if (sizeof ((uint64_t)))
| 	    return 0;
|   ;
|   return 0;
| }
configure:13126: result: yes
configure:13141: checking for mode_t
configure:13141: gcc -c -g -O2  conftest.c >&5
configure:13141: $? = 0
configure:13141: gcc -c -g -O2  conftest.c >&5
conftest.c: In function 'main':
conftest.c:75:21: error: expected expression before ')' token
 if (sizeof ((mode_t)))
                     ^
configure:13141: $? = 1
configure: failed program was:
| /* confdefs.h */
| #define PACKAGE_NAME "libtar"
| #define PACKAGE_TARNAME "libtar"
| #define PACKAGE_VERSION "1.2.16"
| #define PACKAGE_STRING "libtar 1.2.16"
| #define PACKAGE_BUGREPORT ""
| #define PACKAGE_URL ""
| #define PACKAGE "libtar"
| #define VERSION "1.2.16"
| #define NEED_STRLCPY 1
| #define NEED_STRSEP 1
| #define HAVE_STRSEP 1
| #define STDC_HEADERS 1
| #define HAVE_SYS_TYPES_H 1
| #define HAVE_SYS_STAT_H 1
| #define HAVE_STDLIB_H 1
| #define HAVE_STRING_H 1
| #define HAVE_MEMORY_H 1
| #define HAVE_STRINGS_H 1
| #define HAVE_INTTYPES_H 1
| #define HAVE_STDINT_H 1
| #define HAVE_UNISTD_H 1
| #define __EXTENSIONS__ 1
| #define _ALL_SOURCE 1
| #define _GNU_SOURCE 1
| #define _POSIX_PTHREAD_SEMANTICS 1
| #define _TANDEM_SOURCE 1
| #define HAVE_DLFCN_H 1
| #define LT_OBJDIR ".libs/"
| #define STDC_HEADERS 1
| #define HAVE_UNISTD_H 1
| #define HAVE_STDARG_H 1
| #define major_t unsigned int
| #define minor_t unsigned int
| #define HAVE_DEV_T 1
| #define HAVE_SOCKLEN_T 1
| #define HAVE_UINT64_T 1
| /* end confdefs.h.  */
| #include <stdio.h>
| #ifdef HAVE_SYS_TYPES_H
| # include <sys/types.h>
| #endif
| #ifdef HAVE_SYS_STAT_H
| # include <sys/stat.h>
| #endif
| #ifdef STDC_HEADERS
| # include <stdlib.h>
| # include <stddef.h>
| #else
| # ifdef HAVE_STDLIB_H
| #  include <stdlib.h>
| # endif
| #endif
| #ifdef HAVE_STRING_H
| # if !defined STDC_HEADERS && defined HAVE_MEMORY_H
| #  include <memory.h>
| # endif
| # include <string.h>
| #endif
| #ifdef HAVE_STRINGS_H
| # include <strings.h>
| #endif
| #ifdef HAVE_INTTYPES_H
| # include <inttypes.h>
| #endif
| #ifdef HAVE_STDINT_H
| # include <stdint.h>
| #endif
| #ifdef HAVE_UNISTD_H
| # include <unistd.h>
| #endif
| int
| main ()
| {
| if (sizeof ((mode_t)))
| 	    return 0;
|   ;
|   return 0;
| }
configure:13141: result: yes
configure:13152: checking for off_t
configure:13152: gcc -c -g -O2  conftest.c >&5
configure:13152: $? = 0
configure:13152: gcc -c -g -O2  conftest.c >&5
conftest.c: In function 'main':
conftest.c:75:20: error: expected expression before ')' token
 if (sizeof ((off_t)))
                    ^
configure:13152: $? = 1
configure: failed program was:
| /* confdefs.h */
| #define PACKAGE_NAME "libtar"
| #define PACKAGE_TARNAME "libtar"
| #define PACKAGE_VERSION "1.2.16"
| #define PACKAGE_STRING "libtar 1.2.16"
| #define PACKAGE_BUGREPORT ""
| #define PACKAGE_URL ""
| #define PACKAGE "libtar"
| #define VERSION "1.2.16"
| #define NEED_STRLCPY 1
| #define NEED_STRSEP 1
| #define HAVE_STRSEP 1
| #define STDC_HEADERS 1
| #define HAVE_SYS_TYPES_H 1
| #define HAVE_SYS_STAT_H 1
| #define HAVE_STDLIB_H 1
| #define HAVE_STRING_H 1
| #define HAVE_MEMORY_H 1
| #define HAVE_STRINGS_H 1
| #define HAVE_INTTYPES_H 1
| #define HAVE_STDINT_H 1
| #define HAVE_UNISTD_H 1
| #define __EXTENSIONS__ 1
| #define _ALL_SOURCE 1
| #define _GNU_SOURCE 1
| #define _POSIX_PTHREAD_SEMANTICS 1
| #define _TANDEM_SOURCE 1
| #define HAVE_DLFCN_H 1
| #define LT_OBJDIR ".libs/"
| #define STDC_HEADERS 1
| #define HAVE_UNISTD_H 1
| #define HAVE_STDARG_H 1
| #define major_t unsigned int
| #define minor_t unsigned int
| #define HAVE_DEV_T 1
| #define HAVE_SOCKLEN_T 1
| #define HAVE_UINT64_T 1
| /* end confdefs.h.  */
| #include <stdio.h>
| #ifdef HAVE_SYS_TYPES_H
| # include <sys/types.h>
| #endif
| #ifdef HAVE_SYS_STAT_H
| # include <sys/stat.h>
| #endif
| #ifdef STDC_HEADERS
| # include <stdlib.h>
| # include <stddef.h>
| #else
| # ifdef HAVE_STDLIB_H
| #  include <stdlib.h>
| # endif
| #endif
| #ifdef HAVE_STRING_H
| # if !defined STDC_HEADERS && defined HAVE_MEMORY_H
| #  include <memory.h>
| # endif
| # include <string.h>
| #endif
| #ifdef HAVE_STRINGS_H
| # include <strings.h>
| #endif
| #ifdef HAVE_INTTYPES_H
| # include <inttypes.h>
| #endif
| #ifdef HAVE_STDINT_H
| # include <stdint.h>
| #endif
| #ifdef HAVE_UNISTD_H
| # include <unistd.h>
| #endif
| int
| main ()
| {
| if (sizeof ((off_t)))
| 	    return 0;
|   ;
|   return 0;
| }
configure:13152: result: yes
configure:13163: checking for size_t
configure:13163: gcc -c -g -O2  conftest.c >&5
configure:13163: $? = 0
configure:13163: gcc -c -g -O2  conftest.c >&5
conftest.c: In function 'main':
conftest.c:75:21: error: expected expression before ')' token
 if (sizeof ((size_t)))
                     ^
configure:13163: $? = 1
configure: failed program was:
| /* confdefs.h */
| #define PACKAGE_NAME "libtar"
| #define PACKAGE_TARNAME "libtar"
| #define PACKAGE_VERSION "1.2.16"
| #define PACKAGE_STRING "libtar 1.2.16"
| #define PACKAGE_BUGREPORT ""
| #define PACKAGE_URL ""
| #define PACKAGE "libtar"
| #define VERSION "1.2.16"
| #define NEED_STRLCPY 1
| #define NEED_STRSEP 1
| #define HAVE_STRSEP 1
| #define STDC_HEADERS 1
| #define HAVE_SYS_TYPES_H 1
| #define HAVE_SYS_STAT_H 1
| #define HAVE_STDLIB_H 1
| #define HAVE_STRING_H 1
| #define HAVE_MEMORY_H 1
| #define HAVE_STRINGS_H 1
| #define HAVE_INTTYPES_H 1
| #define HAVE_STDINT_H 1
| #define HAVE_UNISTD_H 1
| #define __EXTENSIONS__ 1
| #define _ALL_SOURCE 1
| #define _GNU_SOURCE 1
| #define _POSIX_PTHREAD_SEMANTICS 1
| #define _TANDEM_SOURCE 1
| #define HAVE_DLFCN_H 1
| #define LT_OBJDIR ".libs/"
| #define STDC_HEADERS 1
| #define HAVE_UNISTD_H 1
| #define HAVE_STDARG_H 1
| #define major_t unsigned int
| #define minor_t unsigned int
| #define HAVE_DEV_T 1
| #define HAVE_SOCKLEN_T 1
| #define HAVE_UINT64_T 1
| /* end confdefs.h.  */
| #include <stdio.h>
| #ifdef HAVE_SYS_TYPES_H
| # include <sys/types.h>
| #endif
| #ifdef HAVE_SYS_STAT_H
| # include <sys/stat.h>
| #endif
| #ifdef STDC_HEADERS
| # include <stdlib.h>
| # include <stddef.h>
| #else
| # ifdef HAVE_STDLIB_H
| #  include <stdlib.h>
| # endif
| #endif
| #ifdef HAVE_STRING_H
| # if !defined STDC_HEADERS && defined HAVE_MEMORY_H
| #  include <memory.h>
| # endif
| # include <string.h>
| #endif
| #ifdef HAVE_STRINGS_H
| # include <strings.h>
| #endif
| #ifdef HAVE_INTTYPES_H
| # include <inttypes.h>
| #endif
| #ifdef HAVE_STDINT_H
| # include <stdint.h>
| #endif
| #ifdef HAVE_UNISTD_H
| # include <unistd.h>
| #endif
| int
| main ()
| {
| if (sizeof ((size_t)))
| 	    return 0;
|   ;
|   return 0;
| }
configure:13163: result: yes
configure:13174: checking for uid_t in sys/types.h
configure:13193: result: yes
configure:13204: checking for nlink_t
configure:13204: gcc -c -g -O2  conftest.c >&5
configure:13204: $? = 0
configure:13204: gcc -c -g -O2  conftest.c >&5
conftest.c: In function 'main':
conftest.c:75:22: error: expected expression before ')' token
 if (sizeof ((nlink_t)))
                      ^
configure:13204: $? = 1
configure: failed program was:
| /* confdefs.h */
| #define PACKAGE_NAME "libtar"
| #define PACKAGE_TARNAME "libtar"
| #define PACKAGE_VERSION "1.2.16"
| #define PACKAGE_STRING "libtar 1.2.16"
| #define PACKAGE_BUGREPORT ""
| #define PACKAGE_URL ""
| #define PACKAGE "libtar"
| #define VERSION "1.2.16"
| #define NEED_STRLCPY 1
| #define NEED_STRSEP 1
| #define HAVE_STRSEP 1
| #define STDC_HEADERS 1
| #define HAVE_SYS_TYPES_H 1
| #define HAVE_SYS_STAT_H 1
| #define HAVE_STDLIB_H 1
| #define HAVE_STRING_H 1
| #define HAVE_MEMORY_H 1
| #define HAVE_STRINGS_H 1
| #define HAVE_INTTYPES_H 1
| #define HAVE_STDINT_H 1
| #define HAVE_UNISTD_H 1
| #define __EXTENSIONS__ 1
| #define _ALL_SOURCE 1
| #define _GNU_SOURCE 1
| #define _POSIX_PTHREAD_SEMANTICS 1
| #define _TANDEM_SOURCE 1
| #define HAVE_DLFCN_H 1
| #define LT_OBJDIR ".libs/"
| #define STDC_HEADERS 1
| #define HAVE_UNISTD_H 1
| #define HAVE_STDARG_H 1
| #define major_t unsigned int
| #define minor_t unsigned int
| #define HAVE_DEV_T 1
| #define HAVE_SOCKLEN_T 1
| #define HAVE_UINT64_T 1
| /* end confdefs.h.  */
| #include <stdio.h>
| #ifdef HAVE_SYS_TYPES_H
| # include <sys/types.h>
| #endif
| #ifdef HAVE_SYS_STAT_H
| # include <sys/stat.h>
| #endif
| #ifdef STDC_HEADERS
| # include <stdlib.h>
| # include <stddef.h>
| #else
| # ifdef HAVE_STDLIB_H
| #  include <stdlib.h>
| # endif
| #endif
| #ifdef HAVE_STRING_H
| # if !defined STDC_HEADERS && defined HAVE_MEMORY_H
| #  include <memory.h>
| # endif
| # include <string.h>
| #endif
| #ifdef HAVE_STRINGS_H
| # include <strings.h>
| #endif
| #ifdef HAVE_INTTYPES_H
| # include <inttypes.h>
| #endif
| #ifdef HAVE_STDINT_H
| # include <stdint.h>
| #endif
| #ifdef HAVE_UNISTD_H
| # include <unistd.h>
| #endif
| int
| main ()
| {
| if (sizeof ((nlink_t)))
| 	    return 0;
|   ;
|   return 0;
| }
configure:13204: result: yes
configure:13227: checking libgen.h usability
configure:13227: gcc -c -g -O2  conftest.c >&5
configure:13227: $? = 0
configure:13227: result: yes
configure:13227: checking libgen.h presence
configure:13227: gcc -E  conftest.c
configure:13227: $? = 0
configure:13227: result: yes
configure:13227: checking for libgen.h
configure:13227: result: yes
configure:13237: checking for working basename
configure:13280: gcc -o conftest -g -O2   conftest.c  >&5
conftest.c: In function 'main':
conftest.c:64:5: warning: incompatible implicit declaration of built-in function 'strcpy' [enabled by default]
     strcpy(test1, tests[i].test);
     ^
conftest.c:67:7: warning: incompatible implicit declaration of built-in function 'exit' [enabled by default]
       exit(1);
       ^
conftest.c:70:3: warning: incompatible implicit declaration of built-in function 'exit' [enabled by default]
   exit(0);
   ^
configure:13280: $? = 0
configure:13280: ./conftest
configure:13280: $? = 1
configure: program exited with status 1
configure: failed program was:
| /* confdefs.h */
| #define PACKAGE_NAME "libtar"
| #define PACKAGE_TARNAME "libtar"
| #define PACKAGE_VERSION "1.2.16"
| #define PACKAGE_STRING "libtar 1.2.16"
| #define PACKAGE_BUGREPORT ""
| #define PACKAGE_URL ""
| #define PACKAGE "libtar"
| #define VERSION "1.2.16"
| #define NEED_STRLCPY 1
| #define NEED_STRSEP 1
| #define HAVE_STRSEP 1
| #define STDC_HEADERS 1
| #define HAVE_SYS_TYPES_H 1
| #define HAVE_SYS_STAT_H 1
| #define HAVE_STDLIB_H 1
| #define HAVE_STRING_H 1
| #define HAVE_MEMORY_H 1
| #define HAVE_STRINGS_H 1
| #define HAVE_INTTYPES_H 1
| #define HAVE_STDINT_H 1
| #define HAVE_UNISTD_H 1
| #define __EXTENSIONS__ 1
| #define _ALL_SOURCE 1
| #define _GNU_SOURCE 1
| #define _POSIX_PTHREAD_SEMANTICS 1
| #define _TANDEM_SOURCE 1
| #define HAVE_DLFCN_H 1
| #define LT_OBJDIR ".libs/"
| #define STDC_HEADERS 1
| #define HAVE_UNISTD_H 1
| #define HAVE_STDARG_H 1
| #define major_t unsigned int
| #define minor_t unsigned int
| #define HAVE_DEV_T 1
| #define HAVE_SOCKLEN_T 1
| #define HAVE_UINT64_T 1
| #define HAVE_NLINK_T 1
| #define NEED_BASENAME 1
| #define HAVE_LIBGEN_H 1
| /* end confdefs.h.  */
| 
| #include <stdio.h>
| #ifdef HAVE_LIBGEN_H
| # include <libgen.h>
| #endif
| 
| typedef struct {
|   char *test;
|   char *result;
| } test_t;
| 
| const test_t tests[] = {
|   { "/usr/local/foo", "foo" },
|   { "/usr/local/foo/", "foo" },
|   { NULL, NULL }
| };
| 
| int main() {
|   char test1[1024];
|   int i;
| 
|   for (i = 0; tests[i].test; i++) {
|     strcpy(test1, tests[i].test);
|     if (strcmp(basename(test1), tests[i].result) ||
|         strcmp(test1, tests[i].test))
|       exit(1);
|   }
| 
|   exit(0);
| }
| 
configure:13291: result: no
configure:13312: checking for libgen.h
configure:13312: result: yes
configure:13322: checking for working dirname
configure:13368: gcc -o conftest -g -O2   conftest.c  >&5
conftest.c: In function 'main':
conftest.c:69:5: warning: incompatible implicit declaration of built-in function 'strcpy' [enabled by default]
     strcpy(test1, tests[i].test);
     ^
conftest.c:72:7: warning: incompatible implicit declaration of built-in function 'exit' [enabled by default]
       exit(1);
       ^
conftest.c:75:3: warning: incompatible implicit declaration of built-in function 'exit' [enabled by default]
   exit(0);
   ^
configure:13368: $? = 0
configure:13368: ./conftest
configure:13368: $? = 1
configure: program exited with status 1
configure: failed program was:
| /* confdefs.h */
| #define PACKAGE_NAME "libtar"
| #define PACKAGE_TARNAME "libtar"
| #define PACKAGE_VERSION "1.2.16"
| #define PACKAGE_STRING "libtar 1.2.16"
| #define PACKAGE_BUGREPORT ""
| #define PACKAGE_URL ""
| #define PACKAGE "libtar"
| #define VERSION "1.2.16"
| #define NEED_STRLCPY 1
| #define NEED_STRSEP 1
| #define HAVE_STRSEP 1
| #define STDC_HEADERS 1
| #define HAVE_SYS_TYPES_H 1
| #define HAVE_SYS_STAT_H 1
| #define HAVE_STDLIB_H 1
| #define HAVE_STRING_H 1
| #define HAVE_MEMORY_H 1
| #define HAVE_STRINGS_H 1
| #define HAVE_INTTYPES_H 1
| #define HAVE_STDINT_H 1
| #define HAVE_UNISTD_H 1
| #define __EXTENSIONS__ 1
| #define _ALL_SOURCE 1
| #define _GNU_SOURCE 1
| #define _POSIX_PTHREAD_SEMANTICS 1
| #define _TANDEM_SOURCE 1
| #define HAVE_DLFCN_H 1
| #define LT_OBJDIR ".libs/"
| #define STDC_HEADERS 1
| #define HAVE_UNISTD_H 1
| #define HAVE_STDARG_H 1
| #define major_t unsigned int
| #define minor_t unsigned int
| #define HAVE_DEV_T 1
| #define HAVE_SOCKLEN_T 1
| #define HAVE_UINT64_T 1
| #define HAVE_NLINK_T 1
| #define NEED_BASENAME 1
| #define HAVE_LIBGEN_H 1
| #define NEED_DIRNAME 1
| #define HAVE_LIBGEN_H 1
| /* end confdefs.h.  */
| 
| #include <stdio.h>
| #ifdef HAVE_LIBGEN_H
| # include <libgen.h>
| #endif
| 
| typedef struct {
|   char *test;
|   char *result;
| } test_t;
| 
| const test_t tests[] = {
|   { "foobar", "." },
|   { "/usr/local/foo", "/usr/local" },
|   { "/usr/local/foo/", "/usr/local" },
|   { "/", "/" },
|   { "", "." },
|   { NULL, NULL }
| };
| 
| int main() {
|   char test1[1024];
|   int i;
| 
|   for (i = 0; tests[i].test; i++) {
|     strcpy(test1, tests[i].test);
|     if (strcmp(dirname(test1), tests[i].result) ||
|         strcmp(test1, tests[i].test))
|       exit(1);
|   }
| 
|   exit(0);
| }
| 
configure:13379: result: no
configure:13400: checking fnmatch.h usability
configure:13400: gcc -c -g -O2  conftest.c >&5
configure:13400: $? = 0
configure:13400: result: yes
configure:13400: checking fnmatch.h presence
configure:13400: gcc -E  conftest.c
configure:13400: $? = 0
configure:13400: result: yes
configure:13400: checking for fnmatch.h
configure:13400: result: yes
configure:13411: checking for working POSIX fnmatch
configure:13444: gcc -o conftest -g -O2   conftest.c  >&5
configure:13444: $? = 0
configure:13444: ./conftest
configure:13444: $? = 0
configure:13454: result: yes
configure:13488: checking for lchown
configure:13488: gcc -o conftest -g -O2   conftest.c  >&5
configure:13488: $? = 0
configure:13488: result: yes
configure:13488: checking for snprintf
configure:13488: gcc -o conftest -g -O2   conftest.c  >&5
conftest.c:71:6: warning: conflicting types for built-in function 'snprintf' [enabled by default]
 char snprintf ();
      ^
configure:13488: $? = 0
configure:13488: result: yes
configure:13502: checking whether makedev expects three arguments
configure:13538: gcc -c -g -O2  conftest.c >&5
conftest.c: In function 'main':
conftest.c:69:26: error: macro "makedev" passed 3 arguments, but takes just 2
 dev = makedev(0, maj, min);
                          ^
conftest.c:69:7: error: 'makedev' undeclared (first use in this function)
 dev = makedev(0, maj, min);
       ^
conftest.c:69:7: note: each undeclared identifier is reported only once for each function it appears in
conftest.c:72:3: warning: incompatible implicit declaration of built-in function 'exit' [enabled by default]
   exit(1);
   ^
configure:13538: $? = 1
configure: failed program was:
| /* confdefs.h */
| #define PACKAGE_NAME "libtar"
| #define PACKAGE_TARNAME "libtar"
| #define PACKAGE_VERSION "1.2.16"
| #define PACKAGE_STRING "libtar 1.2.16"
| #define PACKAGE_BUGREPORT ""
| #define PACKAGE_URL ""
| #define PACKAGE "libtar"
| #define VERSION "1.2.16"
| #define NEED_STRLCPY 1
| #define NEED_STRSEP 1
| #define HAVE_STRSEP 1
| #define STDC_HEADERS 1
| #define HAVE_SYS_TYPES_H 1
| #define HAVE_SYS_STAT_H 1
| #define HAVE_STDLIB_H 1
| #define HAVE_STRING_H 1
| #define HAVE_MEMORY_H 1
| #define HAVE_STRINGS_H 1
| #define HAVE_INTTYPES_H 1
| #define HAVE_STDINT_H 1
| #define HAVE_UNISTD_H 1
| #define __EXTENSIONS__ 1
| #define _ALL_SOURCE 1
| #define _GNU_SOURCE 1
| #define _POSIX_PTHREAD_SEMANTICS 1
| #define _TANDEM_SOURCE 1
| #define HAVE_DLFCN_H 1
| #define LT_OBJDIR ".libs/"
| #define STDC_HEADERS 1
| #define HAVE_UNISTD_H 1
| #define HAVE_STDARG_H 1
| #define major_t unsigned int
| #define minor_t unsigned int
| #define HAVE_DEV_T 1
| #define HAVE_SOCKLEN_T 1
| #define HAVE_UINT64_T 1
| #define HAVE_NLINK_T 1
| #define NEED_BASENAME 1
| #define HAVE_LIBGEN_H 1
| #define NEED_DIRNAME 1
| #define HAVE_LIBGEN_H 1
| #define NEED_FNMATCH 1
| #define HAVE_FNMATCH_H 1
| #define HAVE_FNMATCH 1
| #define HAVE_LCHOWN 1
| #define HAVE_SNPRINTF 1
| #define NEED_MAKEDEV 1
| /* end confdefs.h.  */
| 
| 
| #include <sys/types.h>
| #ifdef MAJOR_IN_MKDEV
| # include <sys/mkdev.h>
| #else
| # ifdef MAJOR_IN_SYSMACROS
| #  include <sys/sysmacros.h>
| # endif
| #endif
| 
| int
| main ()
| {
| 
| dev_t dev;
| major_t maj = 5;
| minor_t min = 7;
| 
| dev = makedev(0, maj, min);
| if (major(dev) != maj
|     || minor(dev) != min)
|   exit(1);
| exit(0);
| 
|   ;
|   return 0;
| }
configure:13547: result: no
configure:13559: checking for working snprintf
configure:13605: gcc -o conftest -g -O2   conftest.c  >&5
conftest.c: In function 'main':
conftest.c:75:5: warning: incompatible implicit declaration of built-in function 'memset' [enabled by default]
     memset(test1, 'X', sizeof(test1));
     ^
conftest.c:79:7: warning: incompatible implicit declaration of built-in function 'exit' [enabled by default]
       exit(1);
       ^
conftest.c:82:3: warning: incompatible implicit declaration of built-in function 'exit' [enabled by default]
   exit(0);
   ^
configure:13605: $? = 0
configure:13605: ./conftest
configure:13605: $? = 0
configure:13616: result: yes
configure:13636: checking for strdup
configure:13636: gcc -o conftest -g -O2   conftest.c  >&5
conftest.c:76:6: warning: conflicting types for built-in function 'strdup' [enabled by default]
 char strdup ();
      ^
configure:13636: $? = 0
configure:13636: result: yes
configure:13655: checking for strftime
configure:13655: gcc -o conftest -g -O2   conftest.c  >&5
conftest.c:77:6: warning: conflicting types for built-in function 'strftime' [enabled by default]
 char strftime ();
      ^
configure:13655: $? = 0
configure:13655: result: yes
configure:13713: checking for strlcpy
configure:13713: result: no
configure:13735: checking for strmode
configure:13735: gcc -o conftest -g -O2   conftest.c  >&5
/tmp/ccnxI8KH.o: In function `main':
/home/ivan/Project/zisync/third-part/libtar-1.2.16/conftest.c:91: undefined reference to `strmode'
collect2: error: ld returned 1 exit status
configure:13735: $? = 1
configure: failed program was:
| /* confdefs.h */
| #define PACKAGE_NAME "libtar"
| #define PACKAGE_TARNAME "libtar"
| #define PACKAGE_VERSION "1.2.16"
| #define PACKAGE_STRING "libtar 1.2.16"
| #define PACKAGE_BUGREPORT ""
| #define PACKAGE_URL ""
| #define PACKAGE "libtar"
| #define VERSION "1.2.16"
| #define NEED_STRLCPY 1
| #define NEED_STRSEP 1
| #define HAVE_STRSEP 1
| #define STDC_HEADERS 1
| #define HAVE_SYS_TYPES_H 1
| #define HAVE_SYS_STAT_H 1
| #define HAVE_STDLIB_H 1
| #define HAVE_STRING_H 1
| #define HAVE_MEMORY_H 1
| #define HAVE_STRINGS_H 1
| #define HAVE_INTTYPES_H 1
| #define HAVE_STDINT_H 1
| #define HAVE_UNISTD_H 1
| #define __EXTENSIONS__ 1
| #define _ALL_SOURCE 1
| #define _GNU_SOURCE 1
| #define _POSIX_PTHREAD_SEMANTICS 1
| #define _TANDEM_SOURCE 1
| #define HAVE_DLFCN_H 1
| #define LT_OBJDIR ".libs/"
| #define STDC_HEADERS 1
| #define HAVE_UNISTD_H 1
| #define HAVE_STDARG_H 1
| #define major_t unsigned int
| #define minor_t unsigned int
| #define HAVE_DEV_T 1
| #define HAVE_SOCKLEN_T 1
| #define HAVE_UINT64_T 1
| #define HAVE_NLINK_T 1
| #define NEED_BASENAME 1
| #define HAVE_LIBGEN_H 1
| #define NEED_DIRNAME 1
| #define HAVE_LIBGEN_H 1
| #define NEED_FNMATCH 1
| #define HAVE_FNMATCH_H 1
| #define HAVE_FNMATCH 1
| #define HAVE_LCHOWN 1
| #define HAVE_SNPRINTF 1
| #define NEED_MAKEDEV 1
| #define NEED_SNPRINTF 1
| #define HAVE_SNPRINTF 1
| #define NEED_STRDUP 1
| #define HAVE_STRDUP 1
| #define HAVE_STRFTIME 1
| #define NEED_STRLCPY 1
| #define NEED_STRMODE 1
| /* end confdefs.h.  */
| /* Define strmode to an innocuous variant, in case <limits.h> declares strmode.
|    For example, HP-UX 11i <limits.h> declares gettimeofday.  */
| #define strmode innocuous_strmode
| 
| /* System header to define __stub macros and hopefully few prototypes,
|     which can conflict with char strmode (); below.
|     Prefer <limits.h> to <assert.h> if __STDC__ is defined, since
|     <limits.h> exists even on freestanding compilers.  */
| 
| #ifdef __STDC__
| # include <limits.h>
| #else
| # include <assert.h>
| #endif
| 
| #undef strmode
| 
| /* Override any GCC internal prototype to avoid an error.
|    Use char because int might match the return type of a GCC
|    builtin and then its argument prototype would still apply.  */
| #ifdef __cplusplus
| extern "C"
| #endif
| char strmode ();
| /* The GNU C library defines this for functions which it implements
|     to always fail with ENOSYS.  Some functions are actually named
|     something starting with __ and the normal name is an alias.  */
| #if defined __stub_strmode || defined __stub___strmode
| choke me
| #endif
| 
| int
| main ()
| {
| return strmode ();
|   ;
|   return 0;
| }
configure:13735: result: no
configure:13757: checking for strsep
configure:13757: result: yes
configure:13785: checking for gzread in -lz
configure:13810: gcc -o conftest -g -O2   conftest.c -lz   >&5
configure:13810: $? = 0
configure:13819: result: yes
configure:13944: checking that generated files are newer than configure
configure:13950: result: done
configure:13977: creating ./config.status

## ---------------------- ##
## Running config.status. ##
## ---------------------- ##

This file was extended by libtar config.status 1.2.16, which was
generated by GNU Autoconf 2.69.  Invocation command line was

  CONFIG_FILES    = 
  CONFIG_HEADERS  = 
  CONFIG_LINKS    = 
  CONFIG_COMMANDS = 
  $ ./config.status 

on DellUbuntu

config.status:1133: creating listhash/libtar_listhash.h
config.status:1133: creating listhash/libtar_list.c
config.status:1133: creating listhash/libtar_hash.c
config.status:1133: creating listhash/libtar_list_new.3
config.status:1133: creating listhash/libtar_hash_new.3
config.status:1133: creating Makefile
config.status:1133: creating lib/Makefile
config.status:1133: creating libtar/Makefile
config.status:1133: creating doc/Makefile
config.status:1133: creating config.h
config.status:1314: config.h is unchanged
config.status:1362: executing depfiles commands
config.status:1362: executing libtool commands

## ---------------- ##
## Cache variables. ##
## ---------------- ##

ac_cv_build=x86_64-unknown-linux-gnu
ac_cv_c_compiler_gnu=yes
ac_cv_c_const=yes
ac_cv_env_CC_set=
ac_cv_env_CC_value=
ac_cv_env_CFLAGS_set=
ac_cv_env_CFLAGS_value=
ac_cv_env_CPPFLAGS_set=
ac_cv_env_CPPFLAGS_value=
ac_cv_env_CPP_set=
ac_cv_env_CPP_value=
ac_cv_env_LDFLAGS_set=
ac_cv_env_LDFLAGS_value=
ac_cv_env_LIBS_set=
ac_cv_env_LIBS_value=
ac_cv_env_build_alias_set=
ac_cv_env_build_alias_value=
ac_cv_env_host_alias_set=
ac_cv_env_host_alias_value=
ac_cv_env_target_alias_set=
ac_cv_env_target_alias_value=
ac_cv_func_fnmatch_works=yes
ac_cv_func_lchown=yes
ac_cv_func_snprintf=yes
ac_cv_func_strdup=yes
ac_cv_func_strftime=yes
ac_cv_func_strlcpy=no
ac_cv_func_strmode=no
ac_cv_func_strsep=yes
ac_cv_header_dlfcn_h=yes
ac_cv_header_fnmatch_h=yes
ac_cv_header_inttypes_h=yes
ac_cv_header_libgen_h=yes
ac_cv_header_memory_h=yes
ac_cv_header_minix_config_h=no
ac_cv_header_stdarg_h=yes
ac_cv_header_stdc=yes
ac_cv_header_stdint_h=yes
ac_cv_header_stdlib_h=yes
ac_cv_header_string_h=yes
ac_cv_header_strings_h=yes
ac_cv_header_sys_stat_h=yes
ac_cv_header_sys_types_h=yes
ac_cv_header_sys_types_h_makedev=yes
ac_cv_header_unistd_h=yes
ac_cv_host=x86_64-unknown-linux-gnu
ac_cv_lib_z_gzread=yes
ac_cv_objext=o
ac_cv_path_EGREP='/bin/grep -E'
ac_cv_path_FGREP='/bin/grep -F'
ac_cv_path_GREP=/bin/grep
ac_cv_path_SED=/bin/sed
ac_cv_path_install='/usr/bin/install -c'
ac_cv_path_mkdir=/bin/mkdir
ac_cv_prog_AWK=gawk
ac_cv_prog_CPP='gcc -E'
ac_cv_prog_ac_ct_AR=ar
ac_cv_prog_ac_ct_CC=gcc
ac_cv_prog_ac_ct_MANIFEST_TOOL=mt
ac_cv_prog_ac_ct_OBJDUMP=objdump
ac_cv_prog_ac_ct_RANLIB=ranlib
ac_cv_prog_ac_ct_STRIP=strip
ac_cv_prog_cc_c89=
ac_cv_prog_cc_g=yes
ac_cv_prog_make_make_set=yes
ac_cv_safe_to_define___extensions__=yes
ac_cv_type_dev_t=yes
ac_cv_type_major_t=no
ac_cv_type_minor_t=no
ac_cv_type_mode_t=yes
ac_cv_type_nlink_t=yes
ac_cv_type_off_t=yes
ac_cv_type_size_t=yes
ac_cv_type_socklen_t=yes
ac_cv_type_uid_t=yes
ac_cv_type_uint64_t=yes
am_cv_CC_dependencies_compiler_type=none
am_cv_make_support_nested_variables=yes
am_cv_prog_cc_c_o=yes
compat_cv_func_basename_works=no
compat_cv_func_dirname_works=no
compat_cv_func_makedev_three_args=no
compat_cv_func_snprintf_works=yes
lt_cv_ar_at_file=@
lt_cv_deplibs_check_method=pass_all
lt_cv_file_magic_cmd='$MAGIC_CMD'
lt_cv_file_magic_test_file=
lt_cv_ld_reload_flag=-r
lt_cv_nm_interface='BSD nm'
lt_cv_objdir=.libs
lt_cv_path_LD=/usr/bin/ld
lt_cv_path_NM='/usr/bin/nm -B'
lt_cv_path_mainfest_tool=no
lt_cv_prog_compiler_c_o=yes
lt_cv_prog_compiler_pic='-fPIC -DPIC'
lt_cv_prog_compiler_pic_works=yes
lt_cv_prog_compiler_rtti_exceptions=no
lt_cv_prog_compiler_static_works=yes
lt_cv_prog_gnu_ld=yes
lt_cv_sharedlib_from_linklib_cmd='printf %s\n'
lt_cv_shlibpath_overrides_runpath=no
lt_cv_sys_global_symbol_pipe='sed -n -e '\''s/^.*[	 ]\([ABCDGIRSTW][ABCDGIRSTW]*\)[	 ][	 ]*\([_A-Za-z][_A-Za-z0-9]*\)$/\1 \2 \2/p'\'' | sed '\''/ __gnu_lto/d'\'''
lt_cv_sys_global_symbol_to_c_name_address='sed -n -e '\''s/^: \([^ ]*\)[ ]*$/  {\"\1\", (void *) 0},/p'\'' -e '\''s/^[ABCDGIRSTW]* \([^ ]*\) \([^ ]*\)$/  {"\2", (void *) \&\2},/p'\'''
lt_cv_sys_global_symbol_to_c_name_address_lib_prefix='sed -n -e '\''s/^: \([^ ]*\)[ ]*$/  {\"\1\", (void *) 0},/p'\'' -e '\''s/^[ABCDGIRSTW]* \([^ ]*\) \(lib[^ ]*\)$/  {"\2", (void *) \&\2},/p'\'' -e '\''s/^[ABCDGIRSTW]* \([^ ]*\) \([^ ]*\)$/  {"lib\2", (void *) \&\2},/p'\'''
lt_cv_sys_global_symbol_to_cdecl='sed -n -e '\''s/^T .* \(.*\)$/extern int \1();/p'\'' -e '\''s/^[ABCDGIRSTW]* .* \(.*\)$/extern char \1;/p'\'''
lt_cv_sys_max_cmd_len=1572864
lt_cv_to_host_file_cmd=func_convert_file_noop
lt_cv_to_tool_file_cmd=func_convert_file_noop

## ----------------- ##
## Output variables. ##
## ----------------- ##

ACLOCAL='${SHELL} /home/ivan/Project/zisync/third-part/libtar-1.2.16/autoconf/missing aclocal-1.14'
AMDEPBACKSLASH='\'
AMDEP_FALSE='#'
AMDEP_TRUE=''
AMTAR='$${TAR-tar}'
AM_BACKSLASH='\'
AM_DEFAULT_V='$(AM_DEFAULT_VERBOSITY)'
AM_DEFAULT_VERBOSITY='1'
AM_V='$(V)'
AR='ar'
AUTOCONF='${SHELL} /home/ivan/Project/zisync/third-part/libtar-1.2.16/autoconf/missing autoconf'
AUTOHEADER='${SHELL} /home/ivan/Project/zisync/third-part/libtar-1.2.16/autoconf/missing autoheader'
AUTOMAKE='${SHELL} /home/ivan/Project/zisync/third-part/libtar-1.2.16/autoconf/missing automake-1.14'
AWK='gawk'
CC='gcc'
CCDEPMODE='depmode=none'
CFLAGS='-g -O2'
CPP='gcc -E'
CPPFLAGS=''
CYGPATH_W='echo'
DEFS='-DHAVE_CONFIG_H'
DEPDIR='.deps'
DLLTOOL='false'
DSYMUTIL=''
DUMPBIN=''
ECHO_C=''
ECHO_N='-n'
ECHO_T=''
EGREP='/bin/grep -E'
ENCAP_DEFS=''
ENCAP_INSTALL_RULES=''
ENCAP_INSTALL_TARGET=''
EPKG=''
EXEEXT=''
FGREP='/bin/grep -F'
GREP='/bin/grep'
INSTALL_DATA='${INSTALL} -m 644'
INSTALL_PROGRAM='${INSTALL}'
INSTALL_SCRIPT='${INSTALL}'
INSTALL_STRIP_PROGRAM='$(install_sh) -c -s'
LD='/usr/bin/ld -m elf_x86_64'
LDFLAGS=''
LIBOBJS=' ${LIBOBJDIR}strlcpy$U.o ${LIBOBJDIR}basename$U.o ${LIBOBJDIR}dirname$U.o ${LIBOBJDIR}strmode$U.o'
LIBS='-lz '
LIBTOOL='$(SHELL) $(top_builddir)/libtool'
LIPO=''
LISTHASH_DIR='listhash'
LISTHASH_PREFIX='libtar'
LN_S='ln -s'
LTLIBOBJS=' ${LIBOBJDIR}strlcpy$U.lo ${LIBOBJDIR}basename$U.lo ${LIBOBJDIR}dirname$U.lo ${LIBOBJDIR}strmode$U.lo'
MAKEINFO='${SHELL} /home/ivan/Project/zisync/third-part/libtar-1.2.16/autoconf/missing makeinfo'
MANIFEST_TOOL=':'
MKDIR='mkdir -p -m 755'
MKDIR_P='/bin/mkdir -p'
MKENCAP=''
NM='/usr/bin/nm -B'
NMEDIT=''
OBJDUMP='objdump'
OBJEXT='o'
OTOOL64=''
OTOOL=''
PACKAGE='libtar'
PACKAGE_BUGREPORT=''
PACKAGE_NAME='libtar'
PACKAGE_STRING='libtar 1.2.16'
PACKAGE_TARNAME='libtar'
PACKAGE_URL=''
PACKAGE_VERSION='1.2.16'
PATH_SEPARATOR=':'
RANLIB='ranlib'
SED='/bin/sed'
SET_MAKE=''
SHELL='/bin/bash'
STRIP='strip'
VERSION='1.2.16'
ac_ct_AR='ar'
ac_ct_CC='gcc'
ac_ct_DUMPBIN=''
am__EXEEXT_FALSE=''
am__EXEEXT_TRUE='#'
am__fastdepCC_FALSE=''
am__fastdepCC_TRUE='#'
am__include='include'
am__isrc=''
am__leading_dot='.'
am__nodep='_no'
am__quote=''
am__tar='$${TAR-tar} chof - "$$tardir"'
am__untar='$${TAR-tar} xf -'
bindir='${exec_prefix}/bin'
build='x86_64-unknown-linux-gnu'
build_alias=''
build_cpu='x86_64'
build_os='linux-gnu'
build_vendor='unknown'
datadir='${datarootdir}'
datarootdir='${prefix}/share'
docdir='${datarootdir}/doc/${PACKAGE_TARNAME}'
dvidir='${docdir}'
exec_prefix='${prefix}'
host='x86_64-unknown-linux-gnu'
host_alias=''
host_cpu='x86_64'
host_os='linux-gnu'
host_vendor='unknown'
htmldir='${docdir}'
includedir='${prefix}/include'
infodir='${datarootdir}/info'
install_sh='${SHELL} /home/ivan/Project/zisync/third-part/libtar-1.2.16/autoconf/install-sh'
libdir='${exec_prefix}/lib'
libexecdir='${exec_prefix}/libexec'
localedir='${datarootdir}/locale'
localstatedir='${prefix}/var'
mandir='${datarootdir}/man'
mkdir_p='$(MKDIR_P)'
oldincludedir='/usr/include'
pdfdir='${docdir}'
prefix='/home/ivan/Project/zisync/third-part/build'
program_transform_name='s,x,x,'
psdir='${docdir}'
sbindir='${exec_prefix}/sbin'
sharedstatedir='${prefix}/com'
sysconfdir='${prefix}/etc'
target_alias=''

## ----------- ##
## confdefs.h. ##
## ----------- ##

/* confdefs.h */
#define PACKAGE_NAME "libtar"
#define PACKAGE_TARNAME "libtar"
#define PACKAGE_VERSION "1.2.16"
#define PACKAGE_STRING "libtar 1.2.16"
#define PACKAGE_BUGREPORT ""
#define PACKAGE_URL ""
#define PACKAGE "libtar"
#define VERSION "1.2.16"
#define NEED_STRLCPY 1
#define NEED_STRSEP 1
#define HAVE_STRSEP 1
#define STDC_HEADERS 1
#define HAVE_SYS_TYPES_H 1
#define HAVE_SYS_STAT_H 1
#define HAVE_STDLIB_H 1
#define HAVE_STRING_H 1
#define HAVE_MEMORY_H 1
#define HAVE_STRINGS_H 1
#define HAVE_INTTYPES_H 1
#define HAVE_STDINT_H 1
#define HAVE_UNISTD_H 1
#define __EXTENSIONS__ 1
#define _ALL_SOURCE 1
#define _GNU_SOURCE 1
#define _POSIX_PTHREAD_SEMANTICS 1
#define _TANDEM_SOURCE 1
#define HAVE_DLFCN_H 1
#define LT_OBJDIR ".libs/"
#define STDC_HEADERS 1
#define HAVE_UNISTD_H 1
#define HAVE_STDARG_H 1
#define major_t unsigned int
#define minor_t unsigned int
#define HAVE_DEV_T 1
#define HAVE_SOCKLEN_T 1
#define HAVE_UINT64_T 1
#define HAVE_NLINK_T 1
#define NEED_BASENAME 1
#define HAVE_LIBGEN_H 1
#define NEED_DIRNAME 1
#define HAVE_LIBGEN_H 1
#define NEED_FNMATCH 1
#define HAVE_FNMATCH_H 1
#define HAVE_FNMATCH 1
#define HAVE_LCHOWN 1
#define HAVE_SNPRINTF 1
#define NEED_MAKEDEV 1
#define NEED_SNPRINTF 1
#define HAVE_SNPRINTF 1
#define NEED_STRDUP 1
#define HAVE_STRDUP 1
#define HAVE_STRFTIME 1
#define NEED_STRLCPY 1
#define NEED_STRMODE 1
#define NEED_STRSEP 1
#define HAVE_STRSEP 1
#define HAVE_LIBZ 1

configure: exit 0

## ---------------------- ##
## Running config.status. ##
## ---------------------- ##

This file was extended by libtar config.status 1.2.16, which was
generated by GNU Autoconf 2.69.  Invocation command line was

  CONFIG_FILES    = 
  CONFIG_HEADERS  = 
  CONFIG_LINKS    = 
  CONFIG_COMMANDS = 
  $ ./config.status config.h

on DellUbuntu

config.status:1133: creating config.h
config.status:1314: config.h is unchanged
